This is pdfTeX, Version 3.14159265-2.6-1.40.20 (TeX Live 2019/Debian) (preloaded format=pdflatex 2020.3.13)  14 MAR 2020 16:58
entering extended mode
 restricted \write18 enabled.
 %&-line parsing enabled.
**calculoI.tex
(./calculoI.tex
LaTeX2e <2018-12-01>

! LaTeX Error: File `krantz.cls' not found.

Type X to quit or <RETURN> to proceed,
or enter new name. (Default extension: cls)

Enter file name: 
! Emergency stop.
<read *> 
         
l.5 \usepackage
               {lmodern}^^M
*** (cannot \read from terminal in nonstop modes)

 
Here is how much of TeX's memory you used:
 12 strings out of 494491
 218 string characters out of 6175439
 52365 words of memory out of 5000000
 3788 multiletter control sequences out of 15000+600000
 3640 words of font info for 14 fonts, out of 8000000 for 9000
 40 hyphenation exceptions out of 8191
 10i,0n,8p,117b,8s stack positions out of 5000i,500n,10000p,200000b,80000s
!  ==> Fatal error occurred, no output PDF file produced!
